<?xml version="1.0" encoding="UTF-8"?>
<testsuite errors="0" failures="0" hostname="HELL" name="cn.edu.buaa.park.ParkBoy_Test" tests="8" time="0.11" timestamp="2012-12-17T02:19:55">
  <properties />
  <testcase classname="cn.edu.buaa.park.ParkBoy_Test" name="in_a_car_when_first_park_is_not_full" time="0.0" />
  <testcase classname="cn.edu.buaa.park.ParkBoy_Test" name="in_a_car_when_first_park_is_full" time="0.0" />
  <testcase classname="cn.edu.buaa.park.ParkBoy_Test" name="out_a_car_when_it_parking_first_park" time="0.0" />
  <testcase classname="cn.edu.buaa.park.ParkBoy_Test" name="out_a_car_when_it_parking_second_park" time="0.0" />
  <testcase classname="cn.edu.buaa.park.ParkBoy_Test" name="out_a_car_when_all_park_is_empty" time="0.0" />
  <testcase classname="cn.edu.buaa.park.ParkBoy_Test" name="in_a_car_when_all_park_is_full" time="0.016" />
  <testcase classname="cn.edu.buaa.park.ParkBoy_Test" name="every_park_stop_five_car_when_in_ten_car_and_average_strategy" time="0.0" />
  <testcase classname="cn.edu.buaa.park.ParkBoy_Test" name="VacancyRateStrategy" time="0.0" />
  <system-out><![CDATA[]]></system-out>
  <system-err><![CDATA[]]></system-err>
</testsuite>
